<?xml version="1.0" encoding="UTF-8"?>
<!-- Generated by org.testng.reporters.JUnitReportReporter -->
<testsuite hostname="Machine-ROG" failures="0" tests="1" name="NewPackage.ViewRoutesTest" time="6.070" errors="0" timestamp="30 Nov 2022 00:09:06 GMT">
  <testcase classname="NewPackage.ViewRoutesTest" name="f" time="6.070"/>
</testsuite> <!-- NewPackage.ViewRoutesTest -->
