<?xml version="1.0" encoding="UTF-8"?>
<!-- Generated by org.testng.reporters.JUnitReportReporter -->
<testsuite hostname="Machine-ROG" failures="0" tests="1" name="ewhlz.NewTest" time="0.005" errors="0" timestamp="2022-12-03T19:25:29 EST" skipped="0">
  <testcase classname="ewhlz.NewTest" name="f" time="0.005"/>
  <system-out/>
</testsuite> <!-- ewhlz.NewTest -->
